2025-03-13 23:26:21,519 - ERROR - Failed to connect: Payment Gateway is down.
2025-03-13 23:26:21,520 - INFO - Connection monitor started
2025-03-13 23:26:21,520 - INFO - Started background connection monitor
2025-03-13 23:26:44,290 - INFO - Secure gRPC connection established.
2025-03-13 23:26:47,300 - INFO - Secure gRPC connection established.
2025-03-13 23:26:50,312 - INFO - Secure gRPC connection established.
2025-03-13 23:27:01,470 - INFO - ✅ Authentication successful for alice.
2025-03-13 23:27:06,490 - INFO - ✅ Balance check successful.
2025-03-13 23:27:16,330 - INFO - Secure gRPC connection established.
2025-03-13 23:27:16,331 - INFO - Connection monitor started
2025-03-13 23:27:16,331 - INFO - Started background connection monitor
2025-03-13 23:27:25,150 - INFO - ✅ Authentication successful for bob.
2025-03-13 23:27:27,458 - INFO - ✅ Balance check successful.
2025-03-13 23:27:55,522 - INFO - ✅ Payment of ₹995.0 to 1001 succeeded.
2025-03-13 23:27:59,468 - INFO - ✅ Balance check successful.
2025-03-13 23:57:16,146 - INFO - ✅ Balance check successful.
2025-03-13 23:57:21,757 - WARNING - 🔄 Retrying balance check... Attempt 1/3
2025-03-13 23:57:27,591 - INFO - Secure gRPC connection established.
2025-03-13 23:57:27,592 - WARNING - 🔄 Retrying balance check... Attempt 2/3
2025-03-13 23:57:30,605 - INFO - Secure gRPC connection established.
2025-03-13 23:57:30,626 - INFO - ✅ Balance check successful.
2025-03-14 01:14:28,346 - ERROR - ❌ Error fetching transaction history: StatusCode.UNKNOWN - Error in service handler!
2025-03-14 01:14:38,232 - ERROR - ❌ Balance check failed: StatusCode.UNKNOWN - Error in service handler!
2025-03-14 01:15:17,273 - ERROR - ❌ Balance check failed: StatusCode.UNKNOWN - Error in service handler!
2025-03-14 01:15:57,271 - ERROR - ❌ Error fetching transaction history: StatusCode.UNKNOWN - Error in service handler!
2025-03-14 01:29:13,818 - WARNING - 🔄 Retrying balance check... Attempt 1/3
2025-03-14 01:29:16,830 - INFO - Secure gRPC connection established.
2025-03-14 01:29:16,842 - ERROR - ❌ Balance check failed: StatusCode.UNKNOWN - Error in service handler!
2025-03-14 01:29:32,282 - INFO - ✅ Authentication successful for alice.
2025-03-14 01:29:36,540 - INFO - ✅ Balance check successful.
2025-03-14 18:48:31,177 - ERROR - ❌ Balance check failed: StatusCode.UNKNOWN - Error in service handler!
2025-03-14 18:48:37,831 - ERROR - ❌ Error fetching transaction history: StatusCode.UNKNOWN - Error in service handler!
2025-03-14 18:48:55,609 - INFO - ✅ Authentication successful for alice.
2025-03-14 18:49:00,723 - INFO - ✅ Balance check successful.
2025-03-14 18:53:28,156 - INFO - ✅ Balance check successful.
2025-03-14 18:53:42,663 - WARNING - 🔄 Retrying balance check... Attempt 1/3
2025-03-14 18:53:45,682 - INFO - Secure gRPC connection established.
2025-03-14 18:53:45,694 - ERROR - ❌ Balance check failed: StatusCode.UNKNOWN - Error in service handler!
2025-03-14 18:53:59,266 - ERROR - ❌ Error fetching transaction history: StatusCode.UNKNOWN - Error in service handler!
2025-03-14 18:54:23,115 - INFO - ✅ Authentication successful for bob.
2025-03-14 18:54:26,369 - INFO - ✅ Balance check successful.
2025-03-14 22:17:21,853 - INFO - Secure gRPC connection established.
2025-03-14 22:17:21,854 - INFO - Connection monitor started
2025-03-14 22:17:21,854 - INFO - Started background connection monitor
2025-03-14 22:17:42,198 - INFO - ✅ Authentication successful for alice.
2025-03-14 22:17:47,054 - WARNING - 🔄 Retrying balance check... Attempt 1/3
2025-03-14 22:17:50,065 - INFO - Secure gRPC connection established.
2025-03-14 22:17:50,068 - WARNING - 🔄 Retrying balance check... Attempt 2/3
2025-03-14 22:17:53,079 - INFO - Secure gRPC connection established.
2025-03-14 22:17:53,082 - WARNING - 🔄 Retrying balance check... Attempt 3/3
2025-03-14 22:17:56,092 - INFO - Secure gRPC connection established.
2025-03-14 22:17:56,093 - ERROR - ❌ Balance check failed after 3 attempts.
2025-03-14 22:18:36,591 - ERROR - ❌ Payment failed: StatusCode.NOT_FOUND - User account not found or incorrect bank
2025-03-14 22:18:58,630 - ERROR - ❌ Payment failed: StatusCode.NOT_FOUND - User account not found or incorrect bank
2025-03-14 22:25:57,015 - WARNING - 🔄 Retrying balance check... Attempt 1/3
2025-03-14 22:26:00,026 - INFO - Secure gRPC connection established.
2025-03-14 22:26:00,029 - WARNING - 🔄 Retrying balance check... Attempt 2/3
2025-03-14 22:26:03,039 - INFO - Secure gRPC connection established.
2025-03-14 22:26:03,041 - WARNING - 🔄 Retrying balance check... Attempt 3/3
2025-03-14 22:26:06,051 - INFO - Secure gRPC connection established.
2025-03-14 22:26:06,052 - ERROR - ❌ Balance check failed after 3 attempts.
2025-03-14 22:27:37,938 - INFO - Secure gRPC connection established.
2025-03-14 22:27:37,939 - INFO - Connection monitor started
2025-03-14 22:27:37,939 - INFO - Started background connection monitor
2025-03-14 22:27:51,625 - INFO - ✅ Authentication successful for alice.
2025-03-14 22:27:56,488 - WARNING - 🔄 Retrying balance check... Attempt 1/3
2025-03-14 22:27:59,499 - INFO - Secure gRPC connection established.
2025-03-14 22:27:59,502 - WARNING - 🔄 Retrying balance check... Attempt 2/3
2025-03-14 22:28:02,513 - INFO - Secure gRPC connection established.
2025-03-14 22:28:02,517 - WARNING - 🔄 Retrying balance check... Attempt 3/3
2025-03-14 22:28:05,526 - INFO - Secure gRPC connection established.
2025-03-14 22:28:05,526 - ERROR - ❌ Balance check failed after 3 attempts.
2025-03-14 22:36:17,401 - INFO - Secure gRPC connection established.
2025-03-14 22:36:23,627 - ERROR - ❌ Balance check failed: StatusCode.NOT_FOUND - Bank account not found
2025-03-14 22:39:53,999 - ERROR - ❌ Balance check failed: StatusCode.NOT_FOUND - Bank account not found
2025-03-14 22:46:07,313 - WARNING - 🔄 Retrying balance check... Attempt 1/3
2025-03-14 22:46:10,324 - INFO - Secure gRPC connection established.
2025-03-14 22:46:10,327 - ERROR - ❌ Balance check failed: StatusCode.NOT_FOUND - Bank account not found
2025-03-14 22:47:39,245 - WARNING - 🔄 Retrying balance check... Attempt 1/3
2025-03-14 22:47:42,255 - INFO - Secure gRPC connection established.
2025-03-14 22:47:42,259 - WARNING - 🔄 Retrying balance check... Attempt 2/3
2025-03-14 22:47:45,269 - INFO - Secure gRPC connection established.
2025-03-14 22:47:45,272 - WARNING - 🔄 Retrying balance check... Attempt 3/3
2025-03-14 22:47:48,282 - INFO - Secure gRPC connection established.
2025-03-14 22:47:48,282 - ERROR - ❌ Balance check failed after 3 attempts.
2025-03-14 22:49:39,745 - WARNING - 🔄 Retrying balance check... Attempt 1/3
2025-03-14 22:49:42,756 - INFO - Secure gRPC connection established.
2025-03-14 22:49:42,759 - WARNING - 🔄 Retrying balance check... Attempt 2/3
2025-03-14 22:49:45,769 - INFO - Secure gRPC connection established.
2025-03-14 22:49:45,772 - WARNING - 🔄 Retrying balance check... Attempt 3/3
2025-03-14 22:49:48,782 - INFO - Secure gRPC connection established.
2025-03-14 22:49:48,782 - ERROR - ❌ Balance check failed after 3 attempts.
2025-03-14 22:54:08,164 - INFO - ✅ Balance check successful.
2025-03-14 22:54:26,481 - INFO - Secure gRPC connection established.
2025-03-14 22:54:26,482 - INFO - Connection monitor started
2025-03-14 22:54:26,482 - INFO - Started background connection monitor
2025-03-14 22:54:31,696 - INFO - ✅ Authentication successful for bob.
2025-03-14 22:54:40,423 - INFO - ✅ Balance check successful.
2025-03-14 22:54:48,070 - ERROR - ❌ Balance check failed: StatusCode.NOT_FOUND - Bank account not found
2025-03-14 22:56:52,549 - ERROR - ❌ Balance check failed: StatusCode.NOT_FOUND - Bank account not found
2025-03-14 22:59:32,247 - ERROR - ❌ Balance check failed: StatusCode.NOT_FOUND - Bank account not found
2025-03-14 22:59:45,423 - INFO - ✅ Balance check successful.
2025-03-14 23:02:42,392 - WARNING - 🔄 Retrying balance check... Attempt 1/3
2025-03-14 23:02:45,404 - INFO - Secure gRPC connection established.
2025-03-14 23:02:45,407 - ERROR - ❌ Balance check failed: StatusCode.UNAUTHENTICATED - Invalid or missing token
2025-03-14 23:02:51,824 - ERROR - ❌ Error fetching transaction history: StatusCode.UNAUTHENTICATED - Invalid or missing token
2025-03-14 23:03:15,869 - WARNING - 🔄 Retrying balance check... Attempt 1/3
2025-03-14 23:03:18,878 - INFO - Secure gRPC connection established.
2025-03-14 23:03:18,879 - ERROR - ❌ Balance check failed: StatusCode.UNAUTHENTICATED - Invalid or missing token
2025-03-14 23:04:38,736 - ERROR - ❌ Balance check failed: StatusCode.UNAUTHENTICATED - Invalid or missing token
2025-03-14 23:06:17,501 - WARNING - 🔄 Retrying Transaction History... Attempt 1/3
2025-03-14 23:06:20,513 - INFO - Secure gRPC connection established.
2025-03-14 23:06:20,522 - ERROR - ❌ Error fetching transaction history: StatusCode.UNAUTHENTICATED - Invalid or missing token
2025-03-14 23:06:45,838 - ERROR - ❌ Payment failed: StatusCode.UNAUTHENTICATED - Invalid or missing token
2025-03-14 23:08:08,329 - WARNING - 🔄 Retrying balance check... Attempt 1/3
2025-03-14 23:08:11,341 - INFO - Secure gRPC connection established.
2025-03-14 23:08:11,351 - ERROR - ❌ Balance check failed: StatusCode.UNAUTHENTICATED - Invalid or missing token
2025-03-14 23:11:08,630 - ERROR - ❌ Balance check failed: StatusCode.UNAUTHENTICATED - Invalid or missing token
2025-03-14 23:12:34,799 - ERROR - ❌ Balance check failed: StatusCode.UNAUTHENTICATED - Invalid or missing token
2025-03-14 23:14:40,080 - ERROR - ❌ Balance check failed: StatusCode.UNAUTHENTICATED - Invalid or missing token
2025-03-14 23:16:14,312 - WARNING - 🔄 Retrying balance check... Attempt 1/3
2025-03-14 23:16:17,324 - INFO - Secure gRPC connection established.
2025-03-14 23:16:17,335 - ERROR - ❌ Balance check failed: StatusCode.UNAUTHENTICATED - Invalid or missing token
2025-03-14 23:20:23,766 - INFO - Secure gRPC connection established.
2025-03-14 23:21:02,472 - INFO - Secure gRPC connection established.
2025-03-14 23:21:02,472 - INFO - Connection monitor started
2025-03-14 23:21:02,472 - INFO - Started background connection monitor
2025-03-14 23:24:05,053 - INFO - Secure gRPC connection established.
2025-03-14 23:24:05,057 - INFO - ✅ Authentication successful for alice.
2025-03-14 23:24:11,452 - ERROR - ❌ Balance check failed: StatusCode.UNKNOWN - Exception calling application: 'bank_name'
2025-03-14 23:24:43,634 - INFO - ✅ Authentication successful for alice.
2025-03-14 23:27:01,068 - INFO - ✅ Payment of ₹40.0 from HDFC to 20013@HDFC succeeded.
2025-03-14 23:27:09,832 - ERROR - ❌ Balance check failed: StatusCode.UNKNOWN - Exception calling application: 'bank_name'
2025-03-14 23:32:23,527 - INFO - Secure gRPC connection established.
2025-03-14 23:32:31,705 - INFO - ✅ Balance check successful.
2025-03-14 23:32:51,700 - INFO - ✅ Payment of ₹100.0 from HDFC to ICICI@2001 succeeded.
2025-03-14 23:47:45,342 - WARNING - 🔄 Retrying balance check... Attempt 1/3
2025-03-14 23:47:48,354 - INFO - Secure gRPC connection established.
2025-03-14 23:47:48,381 - INFO - ✅ Balance check successful.
2025-03-14 23:48:00,019 - ERROR - ❌ Payment failed: StatusCode.PERMISSION_DENIED - Bank not linked to your account
2025-03-14 23:48:15,649 - INFO - ✅ Payment of ₹100.0 from HDFC to bob@ICICI succeeded.
2025-03-14 23:49:31,739 - INFO - ✅ Balance check successful.
2025-03-14 23:49:40,999 - INFO - ✅ Balance check successful.
2025-03-14 23:51:10,788 - WARNING - 🔄 Retrying balance check... Attempt 1/3
2025-03-14 23:51:13,794 - INFO - Secure gRPC connection established.
2025-03-14 23:51:13,808 - INFO - ✅ Balance check successful.
2025-03-14 23:52:19,364 - WARNING - 🔄 Retrying balance check... Attempt 1/3
2025-03-14 23:52:22,377 - INFO - Secure gRPC connection established.
2025-03-14 23:52:22,402 - INFO - ✅ Balance check successful.
2025-03-14 23:53:39,271 - WARNING - 🔄 Retrying balance check... Attempt 1/3
2025-03-14 23:53:42,283 - INFO - Secure gRPC connection established.
2025-03-14 23:53:42,293 - ERROR - ❌ Balance check failed: StatusCode.PERMISSION_DENIED - Bank not linked to your account
2025-03-14 23:53:45,703 - INFO - ✅ Balance check successful.
2025-03-14 23:56:05,817 - ERROR - ❌ Balance check failed: StatusCode.UNKNOWN - Error in service handler!
2025-03-14 23:56:09,601 - ERROR - ❌ Balance check failed: StatusCode.UNKNOWN - Error in service handler!
2025-03-14 23:56:28,120 - ERROR - ❌ Error fetching transaction history: StatusCode.UNKNOWN - Error in service handler!
2025-03-14 23:56:41,714 - INFO - ✅ Balance check successful.
2025-03-14 23:56:56,484 - INFO - ✅ Balance check successful.
2025-03-14 23:57:46,958 - WARNING - 🔄 Retrying balance check... Attempt 1/3
2025-03-14 23:57:49,970 - INFO - Secure gRPC connection established.
2025-03-14 23:57:49,996 - INFO - ✅ Balance check successful.
2025-03-15 13:33:59,069 - INFO - Secure gRPC connection established.
2025-03-15 13:33:59,070 - INFO - Connection monitor started
2025-03-15 13:33:59,070 - INFO - Started background connection monitor
2025-03-15 13:34:16,527 - INFO - ✅ Authentication successful for alice.
2025-03-15 13:34:22,284 - INFO - ✅ Balance check successful.
2025-03-15 13:35:17,989 - ERROR - ❌ Balance check failed: StatusCode.PERMISSION_DENIED - Bank not linked to your account
2025-03-15 13:35:27,522 - WARNING - 🔄 Retrying balance check... Attempt 1/3
2025-03-15 13:35:30,533 - INFO - Secure gRPC connection established.
2025-03-15 13:35:30,536 - WARNING - 🔄 Retrying balance check... Attempt 2/3
2025-03-15 13:35:33,545 - INFO - Secure gRPC connection established.
2025-03-15 13:35:33,548 - WARNING - 🔄 Retrying balance check... Attempt 3/3
2025-03-15 13:35:36,558 - INFO - Secure gRPC connection established.
2025-03-15 13:35:36,558 - ERROR - ❌ Balance check failed after 3 attempts.
2025-03-15 13:36:30,071 - WARNING - 🔄 Retrying balance check... Attempt 1/3
2025-03-15 13:36:33,082 - INFO - Secure gRPC connection established.
2025-03-15 13:36:33,087 - INFO - ✅ Balance check successful.
2025-03-15 13:37:06,630 - INFO - ✅ Payment of ₹900.0 from HDFC to bob@ICICI succeeded.
2025-03-15 13:38:09,149 - INFO - Secure gRPC connection established.
2025-03-15 13:38:09,150 - INFO - Connection monitor started
2025-03-15 13:38:09,150 - INFO - Started background connection monitor
2025-03-15 13:38:23,351 - INFO - ✅ Authentication successful for bob.
2025-03-15 13:39:33,775 - INFO - ✅ Balance check successful.
2025-03-15 13:40:37,255 - INFO - ✅ Payment of ₹1000.0 from HDFC to alice@SBI succeeded.
2025-03-15 13:40:50,454 - INFO - ✅ Balance check successful.
2025-03-15 13:40:56,848 - INFO - ✅ Balance check successful.
2025-03-15 13:41:17,508 - INFO - ✅ Payment of ₹2000.0 from HDFC to alice@HDFC succeeded.
2025-03-15 13:41:44,994 - INFO - ✅ Balance check successful.
2025-03-15 13:48:04,101 - INFO - Saved 1 pending offline payments
2025-03-15 13:48:04,101 - INFO - 💳 Payment of ₹2000.0 to alice@alice queued for offline processing.
2025-03-15 13:48:29,174 - INFO - 🌐 Connection restored, processing offline queue...
2025-03-15 13:48:29,174 - ERROR - Error in connection monitor: 'to_account'
2025-03-15 13:48:59,177 - ERROR - Error in connection monitor: 'to_account'
2025-03-15 13:49:15,362 - ERROR - ❌ Payment failed: StatusCode.INVALID_ARGUMENT - Cannot transfer money to your own account within the same bank.
2025-03-15 13:49:29,180 - ERROR - Error in connection monitor: 'to_account'
2025-03-15 13:49:59,183 - ERROR - Error in connection monitor: 'to_account'
2025-03-15 13:50:24,719 - WARNING - 🔄 Retrying payment... Attempt 1/3
2025-03-15 13:50:30,721 - ERROR - Failed to connect: Payment Gateway is down.
2025-03-15 13:50:30,724 - WARNING - 🔄 Retrying payment... Attempt 2/3
2025-03-15 13:50:36,726 - ERROR - Failed to connect: Payment Gateway is down.
2025-03-15 13:50:36,727 - WARNING - 🔄 Retrying payment... Attempt 3/3
2025-03-15 13:50:42,730 - ERROR - Failed to connect: Payment Gateway is down.
2025-03-15 13:50:42,730 - INFO - Saved 2 pending offline payments
2025-03-15 13:50:42,730 - INFO - 💳 Payment of ₹1.0 to bob@ICICI queued for offline processing after failed retries.
2025-03-15 13:50:59,187 - INFO - 🌐 Connection restored, processing offline queue...
2025-03-15 13:50:59,187 - ERROR - Error in connection monitor: 'to_account'
2025-03-15 13:51:29,190 - ERROR - Error in connection monitor: 'to_account'
2025-03-15 13:51:59,193 - ERROR - Error in connection monitor: 'to_account'
2025-03-15 13:52:29,196 - ERROR - Error in connection monitor: 'to_account'
2025-03-15 13:52:59,198 - ERROR - Error in connection monitor: 'to_account'
2025-03-15 13:53:29,201 - ERROR - Error in connection monitor: 'to_account'
2025-03-15 13:53:59,204 - ERROR - Error in connection monitor: 'to_account'
2025-03-15 13:54:29,207 - ERROR - Error in connection monitor: 'to_account'
2025-03-15 13:54:59,210 - ERROR - Error in connection monitor: 'to_account'
2025-03-15 13:55:29,220 - ERROR - Error in connection monitor: 'to_account'
2025-03-15 13:55:59,222 - ERROR - Error in connection monitor: 'to_account'
2025-03-15 13:56:29,224 - ERROR - Error in connection monitor: 'to_account'
2025-03-15 13:56:59,228 - ERROR - Error in connection monitor: 'to_account'
2025-03-15 13:57:29,230 - ERROR - Error in connection monitor: 'to_account'
2025-03-15 13:57:35,954 - INFO - ✅ Balance check successful.
2025-03-15 13:58:39,626 - INFO - Secure gRPC connection established.
2025-03-15 13:58:39,627 - ERROR - Failed to load offline queue: Expecting value: line 1 column 1 (char 0)
2025-03-15 13:58:39,627 - INFO - Connection monitor started
2025-03-15 13:58:39,627 - INFO - Started background connection monitor
2025-03-15 13:59:10,574 - INFO - ✅ Authentication successful for alice.
2025-03-15 13:59:49,979 - INFO - ✅ Balance check successful.
2025-03-15 14:00:16,295 - INFO - Saved 1 pending offline payments
2025-03-15 14:00:16,296 - INFO - 💳 Payment of ₹1.0 to bob@ICICI queued for offline processing.
2025-03-15 14:00:39,654 - INFO - 🌐 Connection restored, processing offline queue...
2025-03-15 14:00:39,654 - ERROR - Error in connection monitor: 'to_account'
2025-03-15 14:00:54,732 - INFO - ✅ Balance check successful.
2025-03-15 14:01:09,657 - ERROR - Error in connection monitor: 'to_account'
2025-03-15 14:01:39,661 - ERROR - Error in connection monitor: 'to_account'
2025-03-15 14:02:09,664 - ERROR - Error in connection monitor: 'to_account'
2025-03-15 14:02:39,667 - ERROR - Error in connection monitor: 'to_account'
2025-03-15 14:03:09,670 - ERROR - Error in connection monitor: 'to_account'
2025-03-15 14:03:39,673 - ERROR - Error in connection monitor: 'to_account'
2025-03-15 14:04:09,676 - ERROR - Error in connection monitor: 'to_account'
2025-03-15 14:04:39,679 - ERROR - Error in connection monitor: 'to_account'
2025-03-15 14:05:09,682 - ERROR - Error in connection monitor: 'to_account'
2025-03-15 14:05:39,685 - ERROR - Error in connection monitor: 'to_account'
2025-03-15 14:06:09,688 - ERROR - Error in connection monitor: 'to_account'
2025-03-15 14:06:15,563 - INFO - Secure gRPC connection established.
2025-03-15 14:06:15,563 - INFO - Loaded 1 pending offline payments
2025-03-15 14:06:15,563 - INFO - Connection monitor started
2025-03-15 14:06:15,563 - INFO - Started background connection monitor
2025-03-15 14:06:20,745 - INFO - ✅ Authentication successful for alice.
2025-03-15 14:06:38,734 - INFO - ✅ Balance check successful.
2025-03-15 14:06:55,740 - INFO - Saved 2 pending offline payments
2025-03-15 14:06:55,740 - INFO - 💳 Payment of ₹1.0 to bob@ICICI queued for offline processing.
2025-03-15 14:07:15,577 - INFO - 🌐 Connection restored, processing offline queue...
2025-03-15 14:07:15,612 - ERROR - ❌ Unexpected error processing offline payment (ID: e589464c-f347-46b5-a9bb-b7d4bddc6584): 'to_account'
2025-03-15 14:07:15,623 - ERROR - ❌ Unexpected error processing offline payment (ID: 88adb0f7-4a1b-4777-8753-9fdc28e4657a): 'to_account'
2025-03-15 14:07:15,624 - INFO - Saved 2 pending offline payments
2025-03-15 14:07:15,624 - INFO - Processed 0 offline payments. 2 remaining.
2025-03-15 14:07:33,187 - INFO - ✅ Balance check successful.
2025-03-15 14:07:45,629 - INFO - Payment already processed (Transaction ID: e589464c-f347-46b5-a9bb-b7d4bddc6584)
2025-03-15 14:07:45,632 - INFO - Payment already processed (Transaction ID: 88adb0f7-4a1b-4777-8753-9fdc28e4657a)
2025-03-15 14:07:45,632 - INFO - Saved 0 pending offline payments
2025-03-15 14:07:45,632 - INFO - Processed 2 offline payments. 0 remaining.
2025-03-15 15:11:12,003 - ERROR - ❌ Balance check failed: StatusCode.UNKNOWN - Error in service handler!
2025-03-15 15:11:18,938 - ERROR - ❌ Balance check failed: StatusCode.UNKNOWN - Error in service handler!
2025-03-15 15:11:28,942 - WARNING - 🔄 Retrying balance check... Attempt 1/3
2025-03-15 15:11:31,955 - INFO - Secure gRPC connection established.
2025-03-15 15:11:31,959 - ERROR - ❌ Balance check failed: StatusCode.UNKNOWN - Error in service handler!
2025-03-15 15:11:37,812 - ERROR - ❌ Balance check failed: StatusCode.UNKNOWN - Error in service handler!
2025-03-15 15:11:52,321 - INFO - ✅ Authentication successful for alice.
2025-03-15 15:12:00,062 - INFO - ✅ Balance check successful.
2025-03-15 15:12:19,524 - INFO - Secure gRPC connection established.
2025-03-15 15:12:19,524 - INFO - Connection monitor started
2025-03-15 15:12:19,524 - INFO - Started background connection monitor
