2025-03-09 02:31:50,753 - ✅ Request from grpc-python/1.70.0 grpc-c/45.0.0 (linux; chttp2) - Method: /PaymentGateway/AuthenticateClient
2025-03-09 02:31:50,753 - ✅ Success: /PaymentGateway/AuthenticateClient
2025-03-09 02:31:50,755 - ✅ alice successfully authenticated.
2025-03-09 02:31:56,771 - ✅ Request from grpc-python/1.70.0 grpc-c/45.0.0 (linux; chttp2) - Method: /PaymentGateway/CheckBalance
2025-03-09 02:31:56,771 - ✅ Success: /PaymentGateway/CheckBalance
2025-03-09 02:31:56,778 - ✅ Connected to HDFC at port 60051
2025-03-09 02:31:56,779 - ✅ alice checked balance: ₹5000.0
2025-03-09 02:32:07,168 - ✅ Request from grpc-python/1.70.0 grpc-c/45.0.0 (linux; chttp2) - Method: /PaymentGateway/CheckBalance
2025-03-09 02:32:07,168 - ✅ Success: /PaymentGateway/CheckBalance
2025-03-09 02:32:07,173 - ✅ Connected to HDFC at port 60051
2025-03-09 02:32:07,175 - ✅ alice checked balance: ₹5000.0
2025-03-09 02:32:36,385 - ✅ Request from grpc-python/1.70.0 grpc-c/45.0.0 (linux; chttp2) - Method: /PaymentGateway/CheckBalance
2025-03-09 02:32:36,385 - ✅ Success: /PaymentGateway/CheckBalance
2025-03-09 02:32:36,392 - ✅ Connected to HDFC at port 60051
2025-03-09 02:32:36,394 - ✅ alice checked balance: ₹5000.0
2025-03-09 02:41:37,980 - ✅ Request from grpc-python/1.70.0 grpc-c/45.0.0 (linux; chttp2) - Method: /PaymentGateway/AuthenticateClient
2025-03-09 02:41:37,980 - ✅ Success: /PaymentGateway/AuthenticateClient
2025-03-09 02:41:37,982 - ✅ alice successfully authenticated.
2025-03-09 02:41:41,302 - ✅ Request from grpc-python/1.70.0 grpc-c/45.0.0 (linux; chttp2) - Method: /PaymentGateway/CheckBalance
2025-03-09 02:41:41,302 - ✅ Success: /PaymentGateway/CheckBalance
2025-03-09 02:41:41,307 - ✅ Connected to HDFC at port 60051
2025-03-09 02:41:41,309 - ✅ alice checked balance: ₹5000.0
2025-03-09 03:05:14,465 - ✅ Request from grpc-python/1.70.0 grpc-c/45.0.0 (linux; chttp2) - Method: /PaymentGateway/AuthenticateClient
2025-03-09 03:05:14,473 - ✅ Success: /PaymentGateway/AuthenticateClient
2025-03-09 03:05:14,474 - ✅ alice successfully authenticated.
2025-03-09 03:07:22,896 - ✅ Request from grpc-python/1.70.0 grpc-c/45.0.0 (linux; chttp2) - Method: /PaymentGateway/AuthenticateClient
2025-03-09 03:07:22,896 - ✅ Success: /PaymentGateway/AuthenticateClient
2025-03-09 03:07:22,897 - ✅ alice successfully authenticated.
2025-03-09 03:14:15,000 - ✅ Request from grpc-python/1.70.0 grpc-c/45.0.0 (linux; chttp2) - Method: /PaymentGateway/AuthenticateClient
2025-03-09 03:14:15,000 - ✅ Success: /PaymentGateway/AuthenticateClient
2025-03-09 03:14:15,002 - ✅ alice successfully authenticated.
2025-03-09 03:15:13,087 - ✅ Request from grpc-python/1.70.0 grpc-c/45.0.0 (linux; chttp2) - Method: /PaymentGateway/AuthenticateClient
2025-03-09 03:15:13,087 - ✅ Success: /PaymentGateway/AuthenticateClient
2025-03-09 03:15:13,088 - ✅ alice successfully authenticated.
2025-03-09 03:15:35,163 - ✅ Request from grpc-python/1.70.0 grpc-c/45.0.0 (linux; chttp2) - Method: /PaymentGateway/AuthenticateClient
2025-03-09 03:15:35,163 - ✅ Success: /PaymentGateway/AuthenticateClient
2025-03-09 03:15:35,173 - ✅ alice successfully authenticated.
2025-03-09 03:19:25,326 - ✅ Request from grpc-python/1.70.0 grpc-c/45.0.0 (linux; chttp2) - Method: /PaymentGateway/AuthenticateClient
2025-03-09 03:19:25,326 - ✅ Success: /PaymentGateway/AuthenticateClient
2025-03-09 03:19:25,327 - ✅ alice successfully authenticated.
2025-03-09 03:19:28,472 - ✅ Request from grpc-python/1.70.0 grpc-c/45.0.0 (linux; chttp2) - Method: /PaymentGateway/CheckBalance
2025-03-09 03:19:28,472 - ✅ Success: /PaymentGateway/CheckBalance
2025-03-09 03:19:28,477 - ✅ Connected to HDFC at port 60051
2025-03-09 03:19:28,478 - ✅ alice checked balance: ₹5000.0
2025-03-09 03:19:38,615 - ✅ Request from grpc-python/1.70.0 grpc-c/45.0.0 (linux; chttp2) - Method: /PaymentGateway/CheckBalance
2025-03-09 03:19:38,615 - ✅ Success: /PaymentGateway/CheckBalance
2025-03-09 03:19:38,622 - ✅ Connected to HDFC at port 60051
2025-03-09 03:19:38,624 - ✅ alice checked balance: ₹5000.0
2025-03-09 03:21:59,258 - ✅ Request from grpc-python/1.70.0 grpc-c/45.0.0 (linux; chttp2) - Method: /PaymentGateway/AuthenticateClient
2025-03-09 03:21:59,259 - ✅ Success: /PaymentGateway/AuthenticateClient
2025-03-09 03:21:59,260 - ✅ alice successfully authenticated.
2025-03-09 03:22:02,159 - ✅ Request from grpc-python/1.70.0 grpc-c/45.0.0 (linux; chttp2) - Method: /PaymentGateway/CheckBalance
2025-03-09 03:22:02,159 - ✅ Success: /PaymentGateway/CheckBalance
2025-03-09 03:22:02,165 - ✅ Connected to HDFC at port 60051
2025-03-09 03:22:02,167 - ✅ alice checked balance: ₹5000.0
2025-03-09 03:22:12,247 - ✅ Request from grpc-python/1.70.0 grpc-c/45.0.0 (linux; chttp2) - Method: /PaymentGateway/CheckBalance
2025-03-09 03:22:12,247 - ✅ Success: /PaymentGateway/CheckBalance
2025-03-09 03:22:12,250 - ✅ Connected to HDFC at port 60051
2025-03-09 03:22:12,251 - ✅ alice checked balance: ₹5000.0
2025-03-09 03:22:24,955 - ✅ Request from grpc-python/1.70.0 grpc-c/45.0.0 (linux; chttp2) - Method: /PaymentGateway/ProcessPayment
2025-03-09 03:22:24,956 - ✅ Transaction processed successfully in /PaymentGateway/ProcessPayment
2025-03-09 03:22:24,956 - ✅ Success: /PaymentGateway/ProcessPayment
2025-03-09 03:22:24,956 - ✅ alice (IP: ipv6:%5B::1%5D:47798) initiated payment of ₹400.0 to 2001
2025-03-09 03:22:24,959 - ✅ Connected to receiver's bank ICICI.
2025-03-09 03:22:24,962 - ✅ alice sent ₹400.0 to 2001 successfully
2025-03-09 03:22:28,254 - ✅ Request from grpc-python/1.70.0 grpc-c/45.0.0 (linux; chttp2) - Method: /PaymentGateway/CheckBalance
2025-03-09 03:22:28,254 - ✅ Success: /PaymentGateway/CheckBalance
2025-03-09 03:22:28,256 - ✅ alice checked balance: ₹4600.0
2025-03-09 03:22:55,062 - ✅ Request from grpc-python/1.70.0 grpc-c/45.0.0 (linux; chttp2) - Method: /PaymentGateway/ProcessPayment
2025-03-09 03:22:55,062 - ✅ Transaction processed successfully in /PaymentGateway/ProcessPayment
2025-03-09 03:22:55,063 - ✅ Success: /PaymentGateway/ProcessPayment
2025-03-09 03:22:55,064 - ✅ alice (IP: ipv6:%5B::1%5D:60142) initiated payment of ₹600.0 to 2001
2025-03-09 03:22:55,069 - ✅ Connected to sender's bank HDFC.
2025-03-09 03:22:55,070 - ✅ Connected to receiver's bank ICICI.
2025-03-09 03:22:55,071 - ✅ alice sent ₹600.0 to 2001 successfully
2025-03-09 03:22:57,725 - ✅ Request from grpc-python/1.70.0 grpc-c/45.0.0 (linux; chttp2) - Method: /PaymentGateway/CheckBalance
2025-03-09 03:22:57,725 - ✅ Success: /PaymentGateway/CheckBalance
2025-03-09 03:22:57,726 - ✅ alice checked balance: ₹4000.0
